[debug] [2026-03-11T19:12:40.899Z] ----------------------------------------------------------------------
[debug] [2026-03-11T19:12:40.904Z] Command:       C:\Program Files\nodejs\node.exe C:\Users\hp\AppData\Roaming\npm\node_modules\firebase-tools\lib\bin\firebase.js init
[debug] [2026-03-11T19:12:40.905Z] CLI Version:   15.9.1
[debug] [2026-03-11T19:12:40.906Z] Platform:      win32
[debug] [2026-03-11T19:12:40.906Z] Node Version:  v24.13.0
[debug] [2026-03-11T19:12:40.906Z] Time:          Thu Mar 12 2026 00:42:40 GMT+0530 (India Standard Time)
[debug] [2026-03-11T19:12:40.906Z] ----------------------------------------------------------------------
[debug] 
[info] 
     ######## #### ########  ######## ########     ###     ######  ########
     ##        ##  ##     ## ##       ##     ##  ##   ##  ##       ##
     ######    ##  ########  ######   ########  #########  ######  ######
     ##        ##  ##    ##  ##       ##     ## ##     ##       ## ##
     ##       #### ##     ## ######## ########  ##     ##  ######  ########

You're about to initialize a Firebase project in this directory:

  C:\Users\hp\OneDrive\Desktop\website\juivo web

Before we get started, keep in mind:

  * You are initializing within an existing Firebase project directory

[info] 
=== Project Setup
[info] 
[info] First, let's associate this project directory with a Firebase project.
[info] You can create multiple project aliases by running firebase use --add, 
[info] 
[debug] [2026-03-11T19:13:05.924Z] > command requires scopes: ["email","openid","https://www.googleapis.com/auth/cloudplatformprojects.readonly","https://www.googleapis.com/auth/firebase","https://www.googleapis.com/auth/cloud-platform"]
[debug] [2026-03-11T19:13:05.925Z] > authorizing via signed-in user (sinanmuneerahemed@gmail.com)
[debug] [2026-03-11T19:13:05.926Z] Checked if tokens are valid: true, expires at: 1773259218119
[debug] [2026-03-11T19:13:05.926Z] Checked if tokens are valid: true, expires at: 1773259218119
[debug] [2026-03-11T19:13:05.927Z] >>> [apiv2][query] GET https://firebase.googleapis.com/v1beta1/projects/grintablerestro [none]
[debug] [2026-03-11T19:13:06.391Z] <<< [apiv2][status] GET https://firebase.googleapis.com/v1beta1/projects/grintablerestro 200
[debug] [2026-03-11T19:13:06.391Z] <<< [apiv2][body] GET https://firebase.googleapis.com/v1beta1/projects/grintablerestro {"projectId":"grintablerestro","projectNumber":"504070872298","displayName":"grintablerestro","name":"projects/grintablerestro","resources":{"hostingSite":"grintablerestro"},"state":"ACTIVE","etag":"1_ade5d32c-0e56-444f-86dd-56891c249018"}
[info] i  Using project grintablerestro (grintablerestro) . 
[info] 
=== Hosting Setup
[debug] [2026-03-11T19:13:06.408Z] Checked if tokens are valid: true, expires at: 1773259218119
[debug] [2026-03-11T19:13:06.408Z] Checked if tokens are valid: true, expires at: 1773259218119
[debug] [2026-03-11T19:13:06.408Z] >>> [apiv2][query] GET https://firebase.googleapis.com/v1beta1/projects/grintablerestro [none]
[debug] [2026-03-11T19:13:06.748Z] <<< [apiv2][status] GET https://firebase.googleapis.com/v1beta1/projects/grintablerestro 200
[debug] [2026-03-11T19:13:06.748Z] <<< [apiv2][body] GET https://firebase.googleapis.com/v1beta1/projects/grintablerestro {"projectId":"grintablerestro","projectNumber":"504070872298","displayName":"grintablerestro","name":"projects/grintablerestro","resources":{"hostingSite":"grintablerestro"},"state":"ACTIVE","etag":"1_ade5d32c-0e56-444f-86dd-56891c249018"}
